[ INFO ] [2019-05-08 15:16:51] [ LOGID: ] [org.springframework.boot.StartupInfoLogger.logStarting(StartupInfoLogger.java:50)] Starting TranssocketApplication on MIBook with PID 18516 (D:\Code\GitHub\transsocket\target\classes started by MI in D:\Code\GitHub\transsocket)
[ INFO ] [2019-05-08 15:16:51] [ LOGID: ] [org.springframework.boot.SpringApplication.logStartupProfileInfo(SpringApplication.java:675)] No active profile set, falling back to default profiles: default
[ INFO ] [2019-05-08 15:16:51] [ LOGID: ] [org.springframework.boot.logging.DeferredLog.logTo(DeferredLog.java:227)] Devtools property defaults active! Set 'spring.devtools.add-properties' to 'false' to disable
[ INFO ] [2019-05-08 15:16:51] [ LOGID: ] [org.springframework.boot.logging.DeferredLog.logTo(DeferredLog.java:227)] For additional web related logging consider setting the 'logging.level.web' property to 'DEBUG'
[ INFO ] [2019-05-08 15:16:52] [ LOGID: ] [org.springframework.data.repository.config.RepositoryConfigurationDelegate.multipleStoresDetected(RepositoryConfigurationDelegate.java:244)] Multiple Spring Data modules found, entering strict repository configuration mode!
[ INFO ] [2019-05-08 15:16:52] [ LOGID: ] [org.springframework.data.repository.config.RepositoryConfigurationDelegate.registerRepositoriesIn(RepositoryConfigurationDelegate.java:126)] Bootstrapping Spring Data repositories in DEFAULT mode.
[ INFO ] [2019-05-08 15:16:52] [ LOGID: ] [org.springframework.data.repository.config.RepositoryConfigurationDelegate.registerRepositoriesIn(RepositoryConfigurationDelegate.java:182)] Finished Spring Data repository scanning in 14ms. Found 0 repository interfaces.
[ INFO ] [2019-05-08 15:16:52] [ LOGID: ] [org.springframework.context.support.PostProcessorRegistrationDelegate$BeanPostProcessorChecker.postProcessAfterInitialization(PostProcessorRegistrationDelegate.java:330)] Bean 'org.springframework.transaction.annotation.ProxyTransactionManagementConfiguration' of type [org.springframework.transaction.annotation.ProxyTransactionManagementConfiguration$$EnhancerBySpringCGLIB$$cb8bffdc] is not eligible for getting processed by all BeanPostProcessors (for example: not eligible for auto-proxying)
[ INFO ] [2019-05-08 15:16:53] [ LOGID: ] [org.springframework.boot.web.embedded.tomcat.TomcatWebServer.initialize(TomcatWebServer.java:90)] Tomcat initialized with port(s): 80 (http)
[ INFO ] [2019-05-08 15:16:53] [ LOGID: ] [org.apache.juli.logging.DirectJDKLog.log(DirectJDKLog.java:173)] Initializing ProtocolHandler ["http-nio-80"]
[ INFO ] [2019-05-08 15:16:53] [ LOGID: ] [org.apache.juli.logging.DirectJDKLog.log(DirectJDKLog.java:173)] Starting service [Tomcat]
[ INFO ] [2019-05-08 15:16:53] [ LOGID: ] [org.apache.juli.logging.DirectJDKLog.log(DirectJDKLog.java:173)] Starting Servlet engine: [Apache Tomcat/9.0.17]
[ INFO ] [2019-05-08 15:16:53] [ LOGID: ] [org.apache.juli.logging.DirectJDKLog.log(DirectJDKLog.java:173)] An older version [1.2.17] of the APR based Apache Tomcat Native library is installed, while Tomcat recommends a minimum version of [1.2.21]
[ INFO ] [2019-05-08 15:16:53] [ LOGID: ] [org.apache.juli.logging.DirectJDKLog.log(DirectJDKLog.java:173)] Loaded APR based Apache Tomcat Native library [1.2.17] using APR version [1.6.3].
[ INFO ] [2019-05-08 15:16:53] [ LOGID: ] [org.apache.juli.logging.DirectJDKLog.log(DirectJDKLog.java:173)] APR capabilities: IPv6 [true], sendfile [true], accept filters [false], random [true].
[ INFO ] [2019-05-08 15:16:53] [ LOGID: ] [org.apache.juli.logging.DirectJDKLog.log(DirectJDKLog.java:173)] APR/OpenSSL configuration: useAprConnector [false], useOpenSSL [true]
[ INFO ] [2019-05-08 15:16:55] [ LOGID: ] [org.apache.juli.logging.DirectJDKLog.log(DirectJDKLog.java:173)] OpenSSL successfully initialized [OpenSSL 1.0.2o  27 Mar 2018]
[ INFO ] [2019-05-08 15:16:55] [ LOGID: ] [org.apache.juli.logging.DirectJDKLog.log(DirectJDKLog.java:173)] Initializing Spring embedded WebApplicationContext
[ INFO ] [2019-05-08 15:16:55] [ LOGID: ] [org.springframework.boot.web.servlet.context.ServletWebServerApplicationContext.prepareWebApplicationContext(ServletWebServerApplicationContext.java:296)] Root WebApplicationContext: initialization completed in 3781 ms
[ INFO ] [2019-05-08 15:16:55] [ LOGID: ] [com.teavamc.transsocket.config.WebSocketConfig.registerWebSocketHandlers(WebSocketConfig.java:35)] WebSocketÂ∑≤Ê≥®ÂÜåÔºåWBÂú∞ÂùÄÔºö/wb/test
[ INFO ] [2019-05-08 15:16:56] [ LOGID: ] [org.springframework.scheduling.concurrent.ExecutorConfigurationSupport.initialize(ExecutorConfigurationSupport.java:171)] Initializing ExecutorService 'applicationTaskExecutor'
[ INFO ] [2019-05-08 15:16:56] [ LOGID: ] [org.springframework.boot.devtools.autoconfigure.OptionalLiveReloadServer.startServer(OptionalLiveReloadServer.java:57)] LiveReload server is running on port 35729
[ INFO ] [2019-05-08 15:16:56] [ LOGID: ] [org.apache.juli.logging.DirectJDKLog.log(DirectJDKLog.java:173)] Starting ProtocolHandler ["http-nio-80"]
[ INFO ] [2019-05-08 15:16:56] [ LOGID: ] [org.springframework.boot.web.embedded.tomcat.TomcatWebServer.start(TomcatWebServer.java:204)] Tomcat started on port(s): 80 (http) with context path ''
[ INFO ] [2019-05-08 15:16:56] [ LOGID: ] [org.springframework.boot.StartupInfoLogger.logStarted(StartupInfoLogger.java:59)] Started TranssocketApplication in 6.408 seconds (JVM running for 8.571)
[ INFO ] [2019-05-08 15:16:57] [ LOGID: ] [com.teavamc.transsocket.transmessage.TransServer.run(TransServer.java:82)] TCP ServerÁ´ØÂè£Ôºö1234
[ INFO ] [2019-05-08 15:16:57] [ LOGID: ] [com.teavamc.transsocket.TranssocketApplication.run(TranssocketApplication.java:42)] Á´ØÂè£1234ÁöÑÊúçÂä°Âô®ÂêØÂä®ÊàêÂäü...
[ INFO ] [2019-05-08 15:16:57] [ LOGID: ] [com.teavamc.transsocket.server.TcpServer.run(TcpServer.java:86)] TCP ServerÁ´ØÂè£Ôºö8888
[ INFO ] [2019-05-08 15:16:57] [ LOGID: ] [com.teavamc.transsocket.TranssocketApplication.main(TranssocketApplication.java:20)] TCPÊúçÂä°Âô®ÂêØÂä®ÊàêÂäü...
[ INFO ] [2019-05-08 15:17:17] [ LOGID: ] [org.apache.juli.logging.DirectJDKLog.log(DirectJDKLog.java:173)] Initializing Spring DispatcherServlet 'dispatcherServlet'
[ INFO ] [2019-05-08 15:17:17] [ LOGID: ] [org.springframework.web.servlet.FrameworkServlet.initServletBean(FrameworkServlet.java:524)] Initializing Servlet 'dispatcherServlet'
[ INFO ] [2019-05-08 15:17:17] [ LOGID: ] [org.springframework.web.servlet.FrameworkServlet.initServletBean(FrameworkServlet.java:546)] Completed initialization in 13 ms
[ INFO ] [2019-05-08 16:28:20] [ LOGID: ] [org.springframework.boot.StartupInfoLogger.logStarting(StartupInfoLogger.java:50)] Starting TranssocketApplication on DESKTOP-CFSHLEC with PID 11968 (E:\git\transsocket2\target\classes started by WHJ in E:\git\transsocket2)
[ INFO ] [2019-05-08 16:28:20] [ LOGID: ] [org.springframework.boot.SpringApplication.logStartupProfileInfo(SpringApplication.java:675)] No active profile set, falling back to default profiles: default
[ INFO ] [2019-05-08 16:28:20] [ LOGID: ] [org.springframework.boot.logging.DeferredLog.logTo(DeferredLog.java:227)] Devtools property defaults active! Set 'spring.devtools.add-properties' to 'false' to disable
[ INFO ] [2019-05-08 16:28:20] [ LOGID: ] [org.springframework.boot.logging.DeferredLog.logTo(DeferredLog.java:227)] For additional web related logging consider setting the 'logging.level.web' property to 'DEBUG'
[ INFO ] [2019-05-08 16:28:21] [ LOGID: ] [org.springframework.data.repository.config.RepositoryConfigurationDelegate.multipleStoresDetected(RepositoryConfigurationDelegate.java:244)] Multiple Spring Data modules found, entering strict repository configuration mode!
[ INFO ] [2019-05-08 16:28:21] [ LOGID: ] [org.springframework.data.repository.config.RepositoryConfigurationDelegate.registerRepositoriesIn(RepositoryConfigurationDelegate.java:126)] Bootstrapping Spring Data repositories in DEFAULT mode.
[ INFO ] [2019-05-08 16:28:21] [ LOGID: ] [org.springframework.data.repository.config.RepositoryConfigurationDelegate.registerRepositoriesIn(RepositoryConfigurationDelegate.java:182)] Finished Spring Data repository scanning in 15ms. Found 0 repository interfaces.
[ INFO ] [2019-05-08 16:28:22] [ LOGID: ] [org.springframework.context.support.PostProcessorRegistrationDelegate$BeanPostProcessorChecker.postProcessAfterInitialization(PostProcessorRegistrationDelegate.java:330)] Bean 'org.springframework.transaction.annotation.ProxyTransactionManagementConfiguration' of type [org.springframework.transaction.annotation.ProxyTransactionManagementConfiguration$$EnhancerBySpringCGLIB$$9af36026] is not eligible for getting processed by all BeanPostProcessors (for example: not eligible for auto-proxying)
[ INFO ] [2019-05-08 16:28:22] [ LOGID: ] [org.springframework.boot.web.embedded.tomcat.TomcatWebServer.initialize(TomcatWebServer.java:90)] Tomcat initialized with port(s): 80 (http)
[ INFO ] [2019-05-08 16:28:22] [ LOGID: ] [org.apache.juli.logging.DirectJDKLog.log(DirectJDKLog.java:173)] Initializing ProtocolHandler ["http-nio-80"]
[ INFO ] [2019-05-08 16:28:22] [ LOGID: ] [org.apache.juli.logging.DirectJDKLog.log(DirectJDKLog.java:173)] Starting service [Tomcat]
[ INFO ] [2019-05-08 16:28:22] [ LOGID: ] [org.apache.juli.logging.DirectJDKLog.log(DirectJDKLog.java:173)] Starting Servlet engine: [Apache Tomcat/9.0.17]
[ INFO ] [2019-05-08 16:28:23] [ LOGID: ] [org.apache.juli.logging.DirectJDKLog.log(DirectJDKLog.java:173)] Initializing Spring embedded WebApplicationContext
[ INFO ] [2019-05-08 16:28:23] [ LOGID: ] [org.springframework.boot.web.servlet.context.ServletWebServerApplicationContext.prepareWebApplicationContext(ServletWebServerApplicationContext.java:296)] Root WebApplicationContext: initialization completed in 2014 ms
[ INFO ] [2019-05-08 16:28:23] [ LOGID: ] [com.teavamc.transsocket.config.WebSocketConfig.registerWebSocketHandlers(WebSocketConfig.java:35)] WebSocketÂ∑≤Ê≥®ÂÜåÔºåWBÂú∞ÂùÄÔºö/wb/test
[ INFO ] [2019-05-08 16:28:23] [ LOGID: ] [org.springframework.scheduling.concurrent.ExecutorConfigurationSupport.initialize(ExecutorConfigurationSupport.java:171)] Initializing ExecutorService 'applicationTaskExecutor'
[ INFO ] [2019-05-08 16:28:24] [ LOGID: ] [org.springframework.boot.devtools.autoconfigure.OptionalLiveReloadServer.startServer(OptionalLiveReloadServer.java:57)] LiveReload server is running on port 35729
[ INFO ] [2019-05-08 16:28:24] [ LOGID: ] [org.apache.juli.logging.DirectJDKLog.log(DirectJDKLog.java:173)] Starting ProtocolHandler ["http-nio-80"]
[ INFO ] [2019-05-08 16:28:24] [ LOGID: ] [org.springframework.boot.web.embedded.tomcat.TomcatWebServer.start(TomcatWebServer.java:204)] Tomcat started on port(s): 80 (http) with context path ''
[ INFO ] [2019-05-08 16:28:24] [ LOGID: ] [org.springframework.boot.StartupInfoLogger.logStarted(StartupInfoLogger.java:59)] Started TranssocketApplication in 3.684 seconds (JVM running for 7.855)
[ INFO ] [2019-05-08 16:28:25] [ LOGID: ] [com.teavamc.transsocket.server.TcpServer.run(TcpServer.java:84)] TCP ServerÁ´ØÂè£Ôºö1234
[ INFO ] [2019-05-08 16:28:25] [ LOGID: ] [com.teavamc.transsocket.TranssocketApplication.main(TranssocketApplication.java:20)] TCPÊúçÂä°Âô®ÂêØÂä®ÊàêÂäü...
[ INFO ] [2019-05-08 16:28:44] [ LOGID: ] [org.springframework.test.context.support.AbstractTestContextBootstrapper.buildDefaultMergedContextConfiguration(AbstractTestContextBootstrapper.java:308)] Neither @ContextConfiguration nor @ContextHierarchy found for test class [com.teavamc.transsocket.TranssocketApplicationTests], using SpringBootContextLoader
[ INFO ] [2019-05-08 16:28:44] [ LOGID: ] [org.springframework.test.context.support.AbstractContextLoader.generateDefaultLocations(AbstractContextLoader.java:264)] Could not detect default resource locations for test class [com.teavamc.transsocket.TranssocketApplicationTests]: no resource found for suffixes {-context.xml, Context.groovy}.
[ INFO ] [2019-05-08 16:28:44] [ LOGID: ] [org.springframework.test.context.support.AnnotationConfigContextLoaderUtils.detectDefaultConfigurationClasses(AnnotationConfigContextLoaderUtils.java:83)] Could not detect default configuration classes for test class [com.teavamc.transsocket.TranssocketApplicationTests]: TranssocketApplicationTests does not declare any static, non-private, non-final, nested classes annotated with @Configuration.
[ INFO ] [2019-05-08 16:28:45] [ LOGID: ] [org.springframework.boot.test.context.SpringBootTestContextBootstrapper.getOrFindConfigurationClasses(SpringBootTestContextBootstrapper.java:247)] Found @SpringBootConfiguration com.teavamc.transsocket.TranssocketApplication for test class com.teavamc.transsocket.TranssocketApplicationTests
[ INFO ] [2019-05-08 16:28:45] [ LOGID: ] [org.springframework.test.context.support.AbstractTestContextBootstrapper.getDefaultTestExecutionListenerClassNames(AbstractTestContextBootstrapper.java:248)] Loaded default TestExecutionListener class names from location [META-INF/spring.factories]: [org.springframework.boot.test.mock.mockito.MockitoTestExecutionListener, org.springframework.boot.test.mock.mockito.ResetMocksTestExecutionListener, org.springframework.boot.test.autoconfigure.restdocs.RestDocsTestExecutionListener, org.springframework.boot.test.autoconfigure.web.client.MockRestServiceServerResetTestExecutionListener, org.springframework.boot.test.autoconfigure.web.servlet.MockMvcPrintOnlyOnFailureTestExecutionListener, org.springframework.boot.test.autoconfigure.web.servlet.WebDriverTestExecutionListener, org.springframework.test.context.web.ServletTestExecutionListener, org.springframework.test.context.support.DirtiesContextBeforeModesTestExecutionListener, org.springframework.test.context.support.DependencyInjectionTestExecutionListener, org.springframework.test.context.support.DirtiesContextTestExecutionListener, org.springframework.test.context.transaction.TransactionalTestExecutionListener, org.springframework.test.context.jdbc.SqlScriptsTestExecutionListener]
[ INFO ] [2019-05-08 16:28:45] [ LOGID: ] [org.springframework.test.context.support.AbstractTestContextBootstrapper.getTestExecutionListeners(AbstractTestContextBootstrapper.java:177)] Using TestExecutionListeners: [org.springframework.test.context.web.ServletTestExecutionListener@5c86dbc5, org.springframework.test.context.support.DirtiesContextBeforeModesTestExecutionListener@461ad730, org.springframework.boot.test.mock.mockito.MockitoTestExecutionListener@4ee203eb, org.springframework.boot.test.autoconfigure.SpringBootDependencyInjectionTestExecutionListener@1a5a4e19, org.springframework.test.context.support.DirtiesContextTestExecutionListener@7068e664, org.springframework.test.context.transaction.TransactionalTestExecutionListener@60db1c0e, org.springframework.test.context.jdbc.SqlScriptsTestExecutionListener@3e78b6a5, org.springframework.boot.test.mock.mockito.ResetMocksTestExecutionListener@769a1df5, org.springframework.boot.test.autoconfigure.restdocs.RestDocsTestExecutionListener@41f69e84, org.springframework.boot.test.autoconfigure.web.client.MockRestServiceServerResetTestExecutionListener@7975d1d8, org.springframework.boot.test.autoconfigure.web.servlet.MockMvcPrintOnlyOnFailureTestExecutionListener@2438dcd, org.springframework.boot.test.autoconfigure.web.servlet.WebDriverTestExecutionListener@24105dc5]
[ INFO ] [2019-05-08 16:28:45] [ LOGID: ] [org.springframework.boot.StartupInfoLogger.logStarting(StartupInfoLogger.java:50)] Starting TranssocketApplicationTests on DESKTOP-CFSHLEC with PID 11044 (started by WHJ in E:\git\transsocket2)
[ INFO ] [2019-05-08 16:28:45] [ LOGID: ] [org.springframework.boot.SpringApplication.logStartupProfileInfo(SpringApplication.java:675)] No active profile set, falling back to default profiles: default
[ INFO ] [2019-05-08 16:28:47] [ LOGID: ] [org.springframework.data.repository.config.RepositoryConfigurationDelegate.multipleStoresDetected(RepositoryConfigurationDelegate.java:244)] Multiple Spring Data modules found, entering strict repository configuration mode!
[ INFO ] [2019-05-08 16:28:47] [ LOGID: ] [org.springframework.data.repository.config.RepositoryConfigurationDelegate.registerRepositoriesIn(RepositoryConfigurationDelegate.java:126)] Bootstrapping Spring Data repositories in DEFAULT mode.
[ INFO ] [2019-05-08 16:28:47] [ LOGID: ] [org.springframework.data.repository.config.RepositoryConfigurationDelegate.registerRepositoriesIn(RepositoryConfigurationDelegate.java:182)] Finished Spring Data repository scanning in 32ms. Found 0 repository interfaces.
[ INFO ] [2019-05-08 16:28:47] [ LOGID: ] [org.springframework.context.support.PostProcessorRegistrationDelegate$BeanPostProcessorChecker.postProcessAfterInitialization(PostProcessorRegistrationDelegate.java:330)] Bean 'org.springframework.transaction.annotation.ProxyTransactionManagementConfiguration' of type [org.springframework.transaction.annotation.ProxyTransactionManagementConfiguration$$EnhancerBySpringCGLIB$$9d31506] is not eligible for getting processed by all BeanPostProcessors (for example: not eligible for auto-proxying)
[ INFO ] [2019-05-08 16:28:48] [ LOGID: ] [com.teavamc.transsocket.config.WebSocketConfig.registerWebSocketHandlers(WebSocketConfig.java:35)] WebSocket“—◊¢≤·£¨WBµÿ÷∑£∫/wb/test
[ INFO ] [2019-05-08 16:28:49] [ LOGID: ] [org.springframework.scheduling.concurrent.ExecutorConfigurationSupport.initialize(ExecutorConfigurationSupport.java:171)] Initializing ExecutorService 'applicationTaskExecutor'
[ INFO ] [2019-05-08 16:28:51] [ LOGID: ] [org.springframework.boot.StartupInfoLogger.logStarted(StartupInfoLogger.java:59)] Started TranssocketApplicationTests in 6.171 seconds (JVM running for 8.115)
[ INFO ] [2019-05-08 16:28:51] [ LOGID: ] [org.springframework.scheduling.concurrent.ExecutorConfigurationSupport.shutdown(ExecutorConfigurationSupport.java:208)] Shutting down ExecutorService 'applicationTaskExecutor'
[ INFO ] [2019-05-08 16:28:51] [ LOGID: ] [com.alibaba.druid.pool.DruidDataSource.close(DruidDataSource.java:1885)] {dataSource-0} closing ...
[ INFO ] [2019-05-08 17:16:13] [ LOGID: ] [org.springframework.boot.StartupInfoLogger.logStarting(StartupInfoLogger.java:50)] Starting TranssocketApplication on DESKTOP-CFSHLEC with PID 7440 (E:\git\transsocket2\target\classes started by WHJ in E:\git\transsocket2)
[ INFO ] [2019-05-08 17:16:13] [ LOGID: ] [org.springframework.boot.SpringApplication.logStartupProfileInfo(SpringApplication.java:675)] No active profile set, falling back to default profiles: default
[ INFO ] [2019-05-08 17:16:13] [ LOGID: ] [org.springframework.boot.logging.DeferredLog.logTo(DeferredLog.java:227)] Devtools property defaults active! Set 'spring.devtools.add-properties' to 'false' to disable
[ INFO ] [2019-05-08 17:16:13] [ LOGID: ] [org.springframework.boot.logging.DeferredLog.logTo(DeferredLog.java:227)] For additional web related logging consider setting the 'logging.level.web' property to 'DEBUG'
[ INFO ] [2019-05-08 17:16:14] [ LOGID: ] [org.springframework.data.repository.config.RepositoryConfigurationDelegate.multipleStoresDetected(RepositoryConfigurationDelegate.java:244)] Multiple Spring Data modules found, entering strict repository configuration mode!
[ INFO ] [2019-05-08 17:16:14] [ LOGID: ] [org.springframework.data.repository.config.RepositoryConfigurationDelegate.registerRepositoriesIn(RepositoryConfigurationDelegate.java:126)] Bootstrapping Spring Data repositories in DEFAULT mode.
[ INFO ] [2019-05-08 17:16:14] [ LOGID: ] [org.springframework.data.repository.config.RepositoryConfigurationDelegate.registerRepositoriesIn(RepositoryConfigurationDelegate.java:182)] Finished Spring Data repository scanning in 15ms. Found 0 repository interfaces.
[ INFO ] [2019-05-08 17:16:14] [ LOGID: ] [org.springframework.context.support.PostProcessorRegistrationDelegate$BeanPostProcessorChecker.postProcessAfterInitialization(PostProcessorRegistrationDelegate.java:330)] Bean 'org.springframework.transaction.annotation.ProxyTransactionManagementConfiguration' of type [org.springframework.transaction.annotation.ProxyTransactionManagementConfiguration$$EnhancerBySpringCGLIB$$d10d0b3c] is not eligible for getting processed by all BeanPostProcessors (for example: not eligible for auto-proxying)
[ INFO ] [2019-05-08 17:16:15] [ LOGID: ] [org.springframework.boot.web.embedded.tomcat.TomcatWebServer.initialize(TomcatWebServer.java:90)] Tomcat initialized with port(s): 80 (http)
[ INFO ] [2019-05-08 17:16:15] [ LOGID: ] [org.apache.juli.logging.DirectJDKLog.log(DirectJDKLog.java:173)] Initializing ProtocolHandler ["http-nio-80"]
[ INFO ] [2019-05-08 17:16:15] [ LOGID: ] [org.apache.juli.logging.DirectJDKLog.log(DirectJDKLog.java:173)] Starting service [Tomcat]
[ INFO ] [2019-05-08 17:16:15] [ LOGID: ] [org.apache.juli.logging.DirectJDKLog.log(DirectJDKLog.java:173)] Starting Servlet engine: [Apache Tomcat/9.0.17]
[ INFO ] [2019-05-08 17:16:15] [ LOGID: ] [org.apache.juli.logging.DirectJDKLog.log(DirectJDKLog.java:173)] Initializing Spring embedded WebApplicationContext
[ INFO ] [2019-05-08 17:16:15] [ LOGID: ] [org.springframework.boot.web.servlet.context.ServletWebServerApplicationContext.prepareWebApplicationContext(ServletWebServerApplicationContext.java:296)] Root WebApplicationContext: initialization completed in 1823 ms
[ INFO ] [2019-05-08 17:16:15] [ LOGID: ] [com.teavamc.transsocket.config.WebSocketConfig.registerWebSocketHandlers(WebSocketConfig.java:35)] WebSocketÂ∑≤Ê≥®ÂÜåÔºåWBÂú∞ÂùÄÔºö/wb/test
[ INFO ] [2019-05-08 17:16:15] [ LOGID: ] [org.springframework.scheduling.concurrent.ExecutorConfigurationSupport.initialize(ExecutorConfigurationSupport.java:171)] Initializing ExecutorService 'applicationTaskExecutor'
[ INFO ] [2019-05-08 17:16:16] [ LOGID: ] [org.springframework.boot.devtools.autoconfigure.OptionalLiveReloadServer.startServer(OptionalLiveReloadServer.java:57)] LiveReload server is running on port 35729
[ INFO ] [2019-05-08 17:16:16] [ LOGID: ] [org.apache.juli.logging.DirectJDKLog.log(DirectJDKLog.java:173)] Starting ProtocolHandler ["http-nio-80"]
[ INFO ] [2019-05-08 17:16:16] [ LOGID: ] [org.springframework.boot.web.embedded.tomcat.TomcatWebServer.start(TomcatWebServer.java:204)] Tomcat started on port(s): 80 (http) with context path ''
[ INFO ] [2019-05-08 17:16:16] [ LOGID: ] [org.springframework.boot.StartupInfoLogger.logStarted(StartupInfoLogger.java:59)] Started TranssocketApplication in 3.451 seconds (JVM running for 6.223)
[ INFO ] [2019-05-08 17:16:17] [ LOGID: ] [com.teavamc.transsocket.server.TcpServer.run(TcpServer.java:84)] TCP ServerÁ´ØÂè£Ôºö1234
[ INFO ] [2019-05-08 17:16:17] [ LOGID: ] [com.teavamc.transsocket.TranssocketApplication.main(TranssocketApplication.java:20)] TCPÊúçÂä°Âô®ÂêØÂä®ÊàêÂäü...
[ INFO ] [2019-05-08 17:16:21] [ LOGID: ] [org.apache.juli.logging.DirectJDKLog.log(DirectJDKLog.java:173)] Initializing Spring DispatcherServlet 'dispatcherServlet'
[ INFO ] [2019-05-08 17:16:21] [ LOGID: ] [org.springframework.web.servlet.FrameworkServlet.initServletBean(FrameworkServlet.java:524)] Initializing Servlet 'dispatcherServlet'
[ INFO ] [2019-05-08 17:16:21] [ LOGID: ] [org.springframework.web.servlet.FrameworkServlet.initServletBean(FrameworkServlet.java:546)] Completed initialization in 14 ms
[ INFO ] [2019-05-08 17:16:45] [ LOGID: ] [com.teavamc.transsocket.websocket.WbHandler.afterConnectionEstablished(WbHandler.java:34)] Ê≠£Â∏∏Êó•ÂøóÔºö/127.0.0.1:55467ÊâìÂºÄËøûÊé•ÔºÅ
[ INFO ] [2019-05-08 17:16:45] [ LOGID: ] [com.teavamc.transsocket.websocket.WbHandler.handleMessage(WbHandler.java:40)] Êó•Âøó‰ø°ÊÅØÔºö01
[ INFO ] [2019-05-08 17:16:45] [ LOGID: ] [com.teavamc.transsocket.client.TcpClient.getChannel(TcpClient.java:58)] TCP Client Â∑≤ÁªèÂú®127.0.0.1ÁöÑ1234Á´ØÂè£Âª∫Á´ãChannel
[ INFO ] [2019-05-08 17:16:45] [ LOGID: ] [com.teavamc.transsocket.websocket.WbHandler.sendCMDtoSocket(WbHandler.java:63)] TCP ClientÂèëÈÄÅÊ∂àÊÅØ01
[ INFO ] [2019-05-08 17:16:45] [ LOGID: ] [com.teavamc.transsocket.server.TcpServerHandler.channelRead0(TcpServerHandler.java:37)] TCP ServerÊî∂Âà∞ÂºÄÂêØLED1ÁöÑÊåá‰ª§Ôºö01
[ INFO ] [2019-05-08 17:16:45] [ LOGID: ] [com.teavamc.transsocket.client.TcpClientHandler.channelRead0(TcpClientHandler.java:26)] TCP ClientÊé•Êî∂ÁöÑÊ∂àÊÅØ:ÊàêÂäü
[ INFO ] [2019-05-08 17:16:54] [ LOGID: ] [com.teavamc.transsocket.websocket.WbHandler.afterConnectionEstablished(WbHandler.java:34)] Ê≠£Â∏∏Êó•ÂøóÔºö/127.0.0.1:55487ÊâìÂºÄËøûÊé•ÔºÅ
[ INFO ] [2019-05-08 17:16:54] [ LOGID: ] [com.teavamc.transsocket.websocket.WbHandler.handleMessage(WbHandler.java:40)] Êó•Âøó‰ø°ÊÅØÔºö01
[ INFO ] [2019-05-08 17:16:54] [ LOGID: ] [com.teavamc.transsocket.server.TcpServerHandler.channelRead0(TcpServerHandler.java:37)] TCP ServerÊî∂Âà∞ÂºÄÂêØLED1ÁöÑÊåá‰ª§Ôºö01
[ INFO ] [2019-05-08 17:16:54] [ LOGID: ] [com.teavamc.transsocket.websocket.WbHandler.sendCMDtoSocket(WbHandler.java:63)] TCP ClientÂèëÈÄÅÊ∂àÊÅØ01
[ INFO ] [2019-05-08 17:16:54] [ LOGID: ] [com.teavamc.transsocket.client.TcpClientHandler.channelRead0(TcpClientHandler.java:26)] TCP ClientÊé•Êî∂ÁöÑÊ∂àÊÅØ:ÊàêÂäü
[ INFO ] [2019-05-08 17:18:01] [ LOGID: ] [org.springframework.boot.StartupInfoLogger.logStarting(StartupInfoLogger.java:50)] Starting TranssocketApplication on DESKTOP-CFSHLEC with PID 19544 (E:\git\transsocket2\target\classes started by WHJ in E:\git\transsocket2)
[ INFO ] [2019-05-08 17:18:01] [ LOGID: ] [org.springframework.boot.SpringApplication.logStartupProfileInfo(SpringApplication.java:675)] No active profile set, falling back to default profiles: default
[ INFO ] [2019-05-08 17:18:01] [ LOGID: ] [org.springframework.boot.logging.DeferredLog.logTo(DeferredLog.java:227)] Devtools property defaults active! Set 'spring.devtools.add-properties' to 'false' to disable
[ INFO ] [2019-05-08 17:18:01] [ LOGID: ] [org.springframework.boot.logging.DeferredLog.logTo(DeferredLog.java:227)] For additional web related logging consider setting the 'logging.level.web' property to 'DEBUG'
[ INFO ] [2019-05-08 17:18:02] [ LOGID: ] [org.springframework.data.repository.config.RepositoryConfigurationDelegate.multipleStoresDetected(RepositoryConfigurationDelegate.java:244)] Multiple Spring Data modules found, entering strict repository configuration mode!
[ INFO ] [2019-05-08 17:18:02] [ LOGID: ] [org.springframework.data.repository.config.RepositoryConfigurationDelegate.registerRepositoriesIn(RepositoryConfigurationDelegate.java:126)] Bootstrapping Spring Data repositories in DEFAULT mode.
[ INFO ] [2019-05-08 17:18:02] [ LOGID: ] [org.springframework.data.repository.config.RepositoryConfigurationDelegate.registerRepositoriesIn(RepositoryConfigurationDelegate.java:182)] Finished Spring Data repository scanning in 15ms. Found 0 repository interfaces.
[ INFO ] [2019-05-08 17:18:02] [ LOGID: ] [org.springframework.context.support.PostProcessorRegistrationDelegate$BeanPostProcessorChecker.postProcessAfterInitialization(PostProcessorRegistrationDelegate.java:330)] Bean 'org.springframework.transaction.annotation.ProxyTransactionManagementConfiguration' of type [org.springframework.transaction.annotation.ProxyTransactionManagementConfiguration$$EnhancerBySpringCGLIB$$d38920d3] is not eligible for getting processed by all BeanPostProcessors (for example: not eligible for auto-proxying)
[ INFO ] [2019-05-08 17:18:03] [ LOGID: ] [org.springframework.boot.web.embedded.tomcat.TomcatWebServer.initialize(TomcatWebServer.java:90)] Tomcat initialized with port(s): 80 (http)
[ INFO ] [2019-05-08 17:18:03] [ LOGID: ] [org.apache.juli.logging.DirectJDKLog.log(DirectJDKLog.java:173)] Initializing ProtocolHandler ["http-nio-80"]
[ INFO ] [2019-05-08 17:18:03] [ LOGID: ] [org.apache.juli.logging.DirectJDKLog.log(DirectJDKLog.java:173)] Starting service [Tomcat]
[ INFO ] [2019-05-08 17:18:03] [ LOGID: ] [org.apache.juli.logging.DirectJDKLog.log(DirectJDKLog.java:173)] Starting Servlet engine: [Apache Tomcat/9.0.17]
[ INFO ] [2019-05-08 17:18:03] [ LOGID: ] [org.apache.juli.logging.DirectJDKLog.log(DirectJDKLog.java:173)] Initializing Spring embedded WebApplicationContext
[ INFO ] [2019-05-08 17:18:03] [ LOGID: ] [org.springframework.boot.web.servlet.context.ServletWebServerApplicationContext.prepareWebApplicationContext(ServletWebServerApplicationContext.java:296)] Root WebApplicationContext: initialization completed in 1734 ms
[ INFO ] [2019-05-08 17:18:03] [ LOGID: ] [com.teavamc.transsocket.config.WebSocketConfig.registerWebSocketHandlers(WebSocketConfig.java:35)] WebSocketÂ∑≤Ê≥®ÂÜåÔºåWBÂú∞ÂùÄÔºö/wb/test
[ INFO ] [2019-05-08 17:18:03] [ LOGID: ] [org.springframework.scheduling.concurrent.ExecutorConfigurationSupport.initialize(ExecutorConfigurationSupport.java:171)] Initializing ExecutorService 'applicationTaskExecutor'
[ INFO ] [2019-05-08 17:18:04] [ LOGID: ] [org.springframework.boot.devtools.autoconfigure.OptionalLiveReloadServer.startServer(OptionalLiveReloadServer.java:57)] LiveReload server is running on port 35729
[ INFO ] [2019-05-08 17:18:04] [ LOGID: ] [org.apache.juli.logging.DirectJDKLog.log(DirectJDKLog.java:173)] Starting ProtocolHandler ["http-nio-80"]
[ INFO ] [2019-05-08 17:18:04] [ LOGID: ] [org.springframework.boot.web.embedded.tomcat.TomcatWebServer.start(TomcatWebServer.java:204)] Tomcat started on port(s): 80 (http) with context path ''
[ INFO ] [2019-05-08 17:18:04] [ LOGID: ] [org.springframework.boot.StartupInfoLogger.logStarted(StartupInfoLogger.java:59)] Started TranssocketApplication in 3.671 seconds (JVM running for 6.295)
[ INFO ] [2019-05-08 17:18:05] [ LOGID: ] [com.teavamc.transsocket.transmessage.TransServer.run(TransServer.java:78)] TCP ServerÁ´ØÂè£Ôºö1234
[ INFO ] [2019-05-08 17:18:05] [ LOGID: ] [com.teavamc.transsocket.TranssocketApplication.run(TranssocketApplication.java:42)] Á´ØÂè£1234ÁöÑÊúçÂä°Âô®ÂêØÂä®ÊàêÂäü...
[ INFO ] [2019-05-08 17:18:05] [ LOGID: ] [com.teavamc.transsocket.TranssocketApplication.main(TranssocketApplication.java:22)] TCPÊúçÂä°Âô®ÂêØÂä®Â§±Ë¥•...
[ INFO ] [2019-05-08 17:18:54] [ LOGID: ] [org.springframework.boot.StartupInfoLogger.logStarting(StartupInfoLogger.java:50)] Starting TranssocketApplication on DESKTOP-CFSHLEC with PID 8952 (E:\git\transsocket2\target\classes started by WHJ in E:\git\transsocket2)
[ INFO ] [2019-05-08 17:18:54] [ LOGID: ] [org.springframework.boot.SpringApplication.logStartupProfileInfo(SpringApplication.java:675)] No active profile set, falling back to default profiles: default
[ INFO ] [2019-05-08 17:18:54] [ LOGID: ] [org.springframework.boot.logging.DeferredLog.logTo(DeferredLog.java:227)] Devtools property defaults active! Set 'spring.devtools.add-properties' to 'false' to disable
[ INFO ] [2019-05-08 17:18:54] [ LOGID: ] [org.springframework.boot.logging.DeferredLog.logTo(DeferredLog.java:227)] For additional web related logging consider setting the 'logging.level.web' property to 'DEBUG'
[ INFO ] [2019-05-08 17:18:55] [ LOGID: ] [org.springframework.data.repository.config.RepositoryConfigurationDelegate.multipleStoresDetected(RepositoryConfigurationDelegate.java:244)] Multiple Spring Data modules found, entering strict repository configuration mode!
[ INFO ] [2019-05-08 17:18:55] [ LOGID: ] [org.springframework.data.repository.config.RepositoryConfigurationDelegate.registerRepositoriesIn(RepositoryConfigurationDelegate.java:126)] Bootstrapping Spring Data repositories in DEFAULT mode.
[ INFO ] [2019-05-08 17:18:55] [ LOGID: ] [org.springframework.data.repository.config.RepositoryConfigurationDelegate.registerRepositoriesIn(RepositoryConfigurationDelegate.java:182)] Finished Spring Data repository scanning in 15ms. Found 0 repository interfaces.
[ INFO ] [2019-05-08 17:18:55] [ LOGID: ] [org.springframework.context.support.PostProcessorRegistrationDelegate$BeanPostProcessorChecker.postProcessAfterInitialization(PostProcessorRegistrationDelegate.java:330)] Bean 'org.springframework.transaction.annotation.ProxyTransactionManagementConfiguration' of type [org.springframework.transaction.annotation.ProxyTransactionManagementConfiguration$$EnhancerBySpringCGLIB$$977aa235] is not eligible for getting processed by all BeanPostProcessors (for example: not eligible for auto-proxying)
[ INFO ] [2019-05-08 17:18:56] [ LOGID: ] [org.springframework.boot.web.embedded.tomcat.TomcatWebServer.initialize(TomcatWebServer.java:90)] Tomcat initialized with port(s): 80 (http)
[ INFO ] [2019-05-08 17:18:56] [ LOGID: ] [org.apache.juli.logging.DirectJDKLog.log(DirectJDKLog.java:173)] Initializing ProtocolHandler ["http-nio-80"]
[ INFO ] [2019-05-08 17:18:56] [ LOGID: ] [org.apache.juli.logging.DirectJDKLog.log(DirectJDKLog.java:173)] Starting service [Tomcat]
[ INFO ] [2019-05-08 17:18:56] [ LOGID: ] [org.apache.juli.logging.DirectJDKLog.log(DirectJDKLog.java:173)] Starting Servlet engine: [Apache Tomcat/9.0.17]
[ INFO ] [2019-05-08 17:18:56] [ LOGID: ] [org.apache.juli.logging.DirectJDKLog.log(DirectJDKLog.java:173)] Initializing Spring embedded WebApplicationContext
[ INFO ] [2019-05-08 17:18:56] [ LOGID: ] [org.springframework.boot.web.servlet.context.ServletWebServerApplicationContext.prepareWebApplicationContext(ServletWebServerApplicationContext.java:296)] Root WebApplicationContext: initialization completed in 1968 ms
[ INFO ] [2019-05-08 17:18:56] [ LOGID: ] [com.teavamc.transsocket.config.WebSocketConfig.registerWebSocketHandlers(WebSocketConfig.java:35)] WebSocketÂ∑≤Ê≥®ÂÜåÔºåWBÂú∞ÂùÄÔºö/wb/test
[ INFO ] [2019-05-08 17:18:56] [ LOGID: ] [org.springframework.scheduling.concurrent.ExecutorConfigurationSupport.initialize(ExecutorConfigurationSupport.java:171)] Initializing ExecutorService 'applicationTaskExecutor'
[ INFO ] [2019-05-08 17:18:57] [ LOGID: ] [org.springframework.boot.devtools.autoconfigure.OptionalLiveReloadServer.startServer(OptionalLiveReloadServer.java:57)] LiveReload server is running on port 35729
[ INFO ] [2019-05-08 17:18:57] [ LOGID: ] [org.apache.juli.logging.DirectJDKLog.log(DirectJDKLog.java:173)] Starting ProtocolHandler ["http-nio-80"]
[ INFO ] [2019-05-08 17:18:57] [ LOGID: ] [org.springframework.boot.web.embedded.tomcat.TomcatWebServer.start(TomcatWebServer.java:204)] Tomcat started on port(s): 80 (http) with context path ''
[ INFO ] [2019-05-08 17:18:57] [ LOGID: ] [org.springframework.boot.StartupInfoLogger.logStarted(StartupInfoLogger.java:59)] Started TranssocketApplication in 3.75 seconds (JVM running for 6.505)
[ INFO ] [2019-05-08 17:18:58] [ LOGID: ] [com.teavamc.transsocket.transmessage.TransServer.run(TransServer.java:78)] TCP ServerÁ´ØÂè£Ôºö1234
[ INFO ] [2019-05-08 17:18:58] [ LOGID: ] [com.teavamc.transsocket.TranssocketApplication.run(TranssocketApplication.java:43)] Á´ØÂè£1234ÁöÑÊúçÂä°Âô®ÂêØÂä®ÊàêÂäü...
[ INFO ] [2019-05-08 17:18:58] [ LOGID: ] [com.teavamc.transsocket.TranssocketApplication.main(TranssocketApplication.java:22)] TCPÊúçÂä°Âô®ÂêØÂä®Â§±Ë¥•...
[ INFO ] [2019-05-08 17:19:40] [ LOGID: ] [org.springframework.boot.StartupInfoLogger.logStarting(StartupInfoLogger.java:50)] Starting TranssocketApplication on DESKTOP-CFSHLEC with PID 3784 (E:\git\transsocket2\target\classes started by WHJ in E:\git\transsocket2)
[ INFO ] [2019-05-08 17:19:40] [ LOGID: ] [org.springframework.boot.SpringApplication.logStartupProfileInfo(SpringApplication.java:675)] No active profile set, falling back to default profiles: default
[ INFO ] [2019-05-08 17:19:40] [ LOGID: ] [org.springframework.boot.logging.DeferredLog.logTo(DeferredLog.java:227)] Devtools property defaults active! Set 'spring.devtools.add-properties' to 'false' to disable
[ INFO ] [2019-05-08 17:19:40] [ LOGID: ] [org.springframework.boot.logging.DeferredLog.logTo(DeferredLog.java:227)] For additional web related logging consider setting the 'logging.level.web' property to 'DEBUG'
[ INFO ] [2019-05-08 17:19:41] [ LOGID: ] [org.springframework.data.repository.config.RepositoryConfigurationDelegate.multipleStoresDetected(RepositoryConfigurationDelegate.java:244)] Multiple Spring Data modules found, entering strict repository configuration mode!
[ INFO ] [2019-05-08 17:19:41] [ LOGID: ] [org.springframework.data.repository.config.RepositoryConfigurationDelegate.registerRepositoriesIn(RepositoryConfigurationDelegate.java:126)] Bootstrapping Spring Data repositories in DEFAULT mode.
[ INFO ] [2019-05-08 17:19:41] [ LOGID: ] [org.springframework.data.repository.config.RepositoryConfigurationDelegate.registerRepositoriesIn(RepositoryConfigurationDelegate.java:182)] Finished Spring Data repository scanning in 16ms. Found 0 repository interfaces.
[ INFO ] [2019-05-08 17:19:41] [ LOGID: ] [org.springframework.context.support.PostProcessorRegistrationDelegate$BeanPostProcessorChecker.postProcessAfterInitialization(PostProcessorRegistrationDelegate.java:330)] Bean 'org.springframework.transaction.annotation.ProxyTransactionManagementConfiguration' of type [org.springframework.transaction.annotation.ProxyTransactionManagementConfiguration$$EnhancerBySpringCGLIB$$615433db] is not eligible for getting processed by all BeanPostProcessors (for example: not eligible for auto-proxying)
[ INFO ] [2019-05-08 17:19:42] [ LOGID: ] [org.springframework.boot.web.embedded.tomcat.TomcatWebServer.initialize(TomcatWebServer.java:90)] Tomcat initialized with port(s): 80 (http)
[ INFO ] [2019-05-08 17:19:42] [ LOGID: ] [org.apache.juli.logging.DirectJDKLog.log(DirectJDKLog.java:173)] Initializing ProtocolHandler ["http-nio-80"]
[ INFO ] [2019-05-08 17:19:42] [ LOGID: ] [org.apache.juli.logging.DirectJDKLog.log(DirectJDKLog.java:173)] Starting service [Tomcat]
[ INFO ] [2019-05-08 17:19:42] [ LOGID: ] [org.apache.juli.logging.DirectJDKLog.log(DirectJDKLog.java:173)] Starting Servlet engine: [Apache Tomcat/9.0.17]
[ INFO ] [2019-05-08 17:19:42] [ LOGID: ] [org.apache.juli.logging.DirectJDKLog.log(DirectJDKLog.java:173)] Initializing Spring embedded WebApplicationContext
[ INFO ] [2019-05-08 17:19:42] [ LOGID: ] [org.springframework.boot.web.servlet.context.ServletWebServerApplicationContext.prepareWebApplicationContext(ServletWebServerApplicationContext.java:296)] Root WebApplicationContext: initialization completed in 1797 ms
[ INFO ] [2019-05-08 17:19:42] [ LOGID: ] [com.teavamc.transsocket.config.WebSocketConfig.registerWebSocketHandlers(WebSocketConfig.java:35)] WebSocketÂ∑≤Ê≥®ÂÜåÔºåWBÂú∞ÂùÄÔºö/wb/test
[ INFO ] [2019-05-08 17:19:42] [ LOGID: ] [org.springframework.scheduling.concurrent.ExecutorConfigurationSupport.initialize(ExecutorConfigurationSupport.java:171)] Initializing ExecutorService 'applicationTaskExecutor'
[ INFO ] [2019-05-08 17:19:43] [ LOGID: ] [org.springframework.boot.devtools.autoconfigure.OptionalLiveReloadServer.startServer(OptionalLiveReloadServer.java:57)] LiveReload server is running on port 35729
[ INFO ] [2019-05-08 17:19:43] [ LOGID: ] [org.apache.juli.logging.DirectJDKLog.log(DirectJDKLog.java:173)] Starting ProtocolHandler ["http-nio-80"]
[ INFO ] [2019-05-08 17:19:43] [ LOGID: ] [org.springframework.boot.web.embedded.tomcat.TomcatWebServer.start(TomcatWebServer.java:204)] Tomcat started on port(s): 80 (http) with context path ''
[ INFO ] [2019-05-08 17:19:43] [ LOGID: ] [org.springframework.boot.StartupInfoLogger.logStarted(StartupInfoLogger.java:59)] Started TranssocketApplication in 3.483 seconds (JVM running for 5.904)
[ INFO ] [2019-05-08 17:19:44] [ LOGID: ] [com.teavamc.transsocket.transmessage.TransServer.run(TransServer.java:78)] TCP ServerÁ´ØÂè£Ôºö1234
[ INFO ] [2019-05-08 17:19:44] [ LOGID: ] [com.teavamc.transsocket.TranssocketApplication.run(TranssocketApplication.java:43)] Á´ØÂè£1234ÁöÑÊúçÂä°Âô®ÂêØÂä®ÊàêÂäü...
[ INFO ] [2019-05-08 17:19:44] [ LOGID: ] [com.teavamc.transsocket.server.TcpServer.run(TcpServer.java:84)] TCP ServerÁ´ØÂè£Ôºö6000
[ INFO ] [2019-05-08 17:19:44] [ LOGID: ] [com.teavamc.transsocket.TranssocketApplication.main(TranssocketApplication.java:20)] TCPÊúçÂä°Âô®ÂêØÂä®ÊàêÂäü...
